Using pre-set license
Built from '2021.3/staging' branch; Version is '2021.3.11f1 (0a5ca18544bf) revision 679073'; Using compiler version '192829333'; Build Type 'Release'
OS: 'Windows 10  (10.0.19045) 64bit Core' Language: 'fr' Physical Memory: 32718 MB
BatchMode: 1, IsHumanControllingUs: 0, StartBugReporterOnCrash: 0, Is64bit: 1, IsPro: 1

COMMAND LINE ARGUMENTS:
C:\Program Files\Unity\Hub\Editor\2021.3.11f1\Editor\Unity.exe
-adb2
-batchMode
-noUpm
-name
AssetImportWorker0
-projectPath
E:/travail/VRProject/VRProject/VRProject
-logFile
Logs/AssetImportWorker0.log
-srvPort
64281
Successfully changed project path to: E:/travail/VRProject/VRProject/VRProject
E:/travail/VRProject/VRProject/VRProject
[UnityMemory] Configuration Parameters - Can be set up in boot.config
    "memorysetup-bucket-allocator-granularity=16"
    "memorysetup-bucket-allocator-bucket-count=8"
    "memorysetup-bucket-allocator-block-size=33554432"
    "memorysetup-bucket-allocator-block-count=8"
    "memorysetup-main-allocator-block-size=16777216"
    "memorysetup-thread-allocator-block-size=16777216"
    "memorysetup-gfx-main-allocator-block-size=16777216"
    "memorysetup-gfx-thread-allocator-block-size=16777216"
    "memorysetup-cache-allocator-block-size=4194304"
    "memorysetup-typetree-allocator-block-size=2097152"
    "memorysetup-profiler-bucket-allocator-granularity=16"
    "memorysetup-profiler-bucket-allocator-bucket-count=8"
    "memorysetup-profiler-bucket-allocator-block-size=33554432"
    "memorysetup-profiler-bucket-allocator-block-count=8"
    "memorysetup-profiler-allocator-block-size=16777216"
    "memorysetup-profiler-editor-allocator-block-size=1048576"
    "memorysetup-temp-allocator-size-main=16777216"
    "memorysetup-job-temp-allocator-block-size=2097152"
    "memorysetup-job-temp-allocator-block-size-background=1048576"
    "memorysetup-job-temp-allocator-reduction-small-platforms=262144"
    "memorysetup-temp-allocator-size-background-worker=32768"
    "memorysetup-temp-allocator-size-job-worker=262144"
    "memorysetup-temp-allocator-size-preload-manager=33554432"
    "memorysetup-temp-allocator-size-nav-mesh-worker=65536"
    "memorysetup-temp-allocator-size-audio-worker=65536"
    "memorysetup-temp-allocator-size-cloud-worker=32768"
    "memorysetup-temp-allocator-size-gi-baking-worker=262144"
    "memorysetup-temp-allocator-size-gfx=262144"
Refreshing native plugins compatible for Editor in 44.68 ms, found 2 plugins.
Preloading 0 native plugins for Editor in 0.00 ms.
Initialize engine version: 2021.3.11f1 (0a5ca18544bf)
[Subsystems] Discovering subsystems at path C:/Program Files/Unity/Hub/Editor/2021.3.11f1/Editor/Data/Resources/UnitySubsystems
[Subsystems] Discovering subsystems at path E:/travail/VRProject/VRProject/VRProject/Assets
GfxDevice: creating device client; threaded=0; jobified=0
Direct3D:
    Version:  Direct3D 11.0 [level 11.1]
    Renderer: NVIDIA GeForce GTX 1060 6GB (ID=0x1c03)
    Vendor:   NVIDIA
    VRAM:     6043 MB
    Driver:   31.0.15.2737
Initialize mono
Mono path[0] = 'C:/Program Files/Unity/Hub/Editor/2021.3.11f1/Editor/Data/Managed'
Mono path[1] = 'C:/Program Files/Unity/Hub/Editor/2021.3.11f1/Editor/Data/MonoBleedingEdge/lib/mono/unityjit-win32'
Mono config path = 'C:/Program Files/Unity/Hub/Editor/2021.3.11f1/Editor/Data/MonoBleedingEdge/etc'
Using monoOptions --debugger-agent=transport=dt_socket,embedding=1,server=y,suspend=n,address=127.0.0.1:56624
Begin MonoManager ReloadAssembly
Registering precompiled unity dll's ...
Register platform support module: C:/Program Files/Unity/Hub/Editor/2021.3.11f1/Editor/Data/PlaybackEngines/WindowsStandaloneSupport/UnityEditor.WindowsStandalone.Extensions.dll
Registered in 0.012181 seconds.
Native extension for WindowsStandalone target not found
Refreshing native plugins compatible for Editor in 41.30 ms, found 2 plugins.
Preloading 0 native plugins for Editor in 0.00 ms.
Mono: successfully reloaded assembly
- Completed reload, in  0.844 seconds
Domain Reload Profiling:
	ReloadAssembly (845ms)
		BeginReloadAssembly (107ms)
			ExecutionOrderSort (0ms)
			DisableScriptedObjects (0ms)
			BackupInstance (0ms)
			ReleaseScriptingObjects (0ms)
			CreateAndSetChildDomain (1ms)
		EndReloadAssembly (582ms)
			LoadAssemblies (102ms)
			RebuildTransferFunctionScriptingTraits (0ms)
			SetupTypeCache (137ms)
			ReleaseScriptCaches (0ms)
			RebuildScriptCaches (38ms)
			SetupLoadedEditorAssemblies (334ms)
				LogAssemblyErrors (0ms)
				InitializePlatformSupportModulesInManaged (11ms)
				SetLoadedEditorAssemblies (0ms)
				RefreshPlugins (41ms)
				BeforeProcessingInitializeOnLoad (2ms)
				ProcessInitializeOnLoadAttributes (208ms)
				ProcessInitializeOnLoadMethodAttributes (71ms)
				AfterProcessingInitializeOnLoad (0ms)
				EditorAssembliesLoaded (0ms)
			ExecutionOrderSort2 (0ms)
			AwakeInstancesAfterBackupRestoration (0ms)
Platform modules already initialized, skipping
Registering precompiled user dll's ...
Registered in 0.004872 seconds.
Begin MonoManager ReloadAssembly
Native extension for WindowsStandalone target not found
Refreshing native plugins compatible for Editor in 0.59 ms, found 2 plugins.
Preloading 0 native plugins for Editor in 0.00 ms.
Mono: successfully reloaded assembly
- Completed reload, in  1.245 seconds
Domain Reload Profiling:
	ReloadAssembly (1246ms)
		BeginReloadAssembly (161ms)
			ExecutionOrderSort (0ms)
			DisableScriptedObjects (8ms)
			BackupInstance (0ms)
			ReleaseScriptingObjects (0ms)
			CreateAndSetChildDomain (30ms)
		EndReloadAssembly (911ms)
			LoadAssemblies (109ms)
			RebuildTransferFunctionScriptingTraits (0ms)
			SetupTypeCache (245ms)
			ReleaseScriptCaches (1ms)
			RebuildScriptCaches (59ms)
			SetupLoadedEditorAssemblies (455ms)
				LogAssemblyErrors (0ms)
				InitializePlatformSupportModulesInManaged (13ms)
				SetLoadedEditorAssemblies (1ms)
				RefreshPlugins (1ms)
				BeforeProcessingInitializeOnLoad (78ms)
				ProcessInitializeOnLoadAttributes (309ms)
				ProcessInitializeOnLoadMethodAttributes (38ms)
				AfterProcessingInitializeOnLoad (15ms)
				EditorAssembliesLoaded (0ms)
			ExecutionOrderSort2 (0ms)
			AwakeInstancesAfterBackupRestoration (8ms)
Platform modules already initialized, skipping
========================================================================
Worker process is ready to serve import requests
Launched and connected shader compiler UnityShaderCompiler.exe after 0.08 seconds
Refreshing native plugins compatible for Editor in 0.73 ms, found 2 plugins.
Preloading 0 native plugins for Editor in 0.00 ms.
Unloading 1702 Unused Serialized files (Serialized files now loaded: 0)
Unloading 19 unused Assets / (48.6 KB). Loaded Objects now: 2183.
Memory consumption went from 141.4 MB to 141.4 MB.
Total: 4.008400 ms (FindLiveObjects: 0.235800 ms CreateObjectMapping: 0.084300 ms MarkObjects: 3.566400 ms  DeleteObjects: 0.120500 ms)

AssetImportParameters requested are different than current active one (requested -> active):
  custom:video-decoder-ogg-theora: a1e56fd34408186e4bbccfd4996cb3dc -> 
  custom:container-muxer-webm: aa71ff27fc2769a1b78a27578f13a17b -> 
  custom:container-demuxer-webm: 4f35f7cbe854078d1ac9338744f61a02 -> 
  custom:video-encoder-webm-vp8: eb34c28f22e8b96e1ab97ce403110664 -> 
  custom:audio-encoder-webm-vorbis: bf7c407c2cedff20999df2af8eb42d56 -> 
  custom:framework-win-MediaFoundation: 216162199b28c13a410421893ffa2e32 -> 
  custom:container-demuxer-ogg: 62fdf1f143b41e24485cea50d1cbac27 -> 
  custom:video-decoder-webm-vp8: 9c59270c3fd7afecdb556c50c9e8de78 -> 
  custom:audio-decoder-ogg-vorbis: bf7c407c2cedff20999df2af8eb42d56 -> 
========================================================================
Received Import Request.
  Time since last request: 40660.000008 seconds.
  path: Assets/BrokenVector
  artifactKey: Guid(f068f34208056da45a4e85cac37aa921) Importer(815301076,1909f56bfc062723c751e8b465ee728b)
Start importing Assets/BrokenVector using Guid(f068f34208056da45a4e85cac37aa921) Importer(815301076,1909f56bfc062723c751e8b465ee728b)  -> (artifact id: 'c52d45a38b9521298c923db963d1ea90') in 0.018532 seconds 
========================================================================
Received Import Request.
  Time since last request: 1.128876 seconds.
  path: Assets/BrokenVector/LowPolyDungeon/Colliders
  artifactKey: Guid(1e491f11546796d448d302767d565da0) Importer(815301076,1909f56bfc062723c751e8b465ee728b)
Start importing Assets/BrokenVector/LowPolyDungeon/Colliders using Guid(1e491f11546796d448d302767d565da0) Importer(815301076,1909f56bfc062723c751e8b465ee728b)  -> (artifact id: 'aece487281081df2074dd613a62c4c1c') in 0.008530 seconds 
========================================================================
Received Import Request.
  Time since last request: 0.873773 seconds.
  path: Assets/BrokenVector/LowPolyDungeon/Colliders/Tiles
  artifactKey: Guid(d1105f75a2a286e4fba3fb57345f96d8) Importer(815301076,1909f56bfc062723c751e8b465ee728b)
Start importing Assets/BrokenVector/LowPolyDungeon/Colliders/Tiles using Guid(d1105f75a2a286e4fba3fb57345f96d8) Importer(815301076,1909f56bfc062723c751e8b465ee728b)  -> (artifact id: '915afcfdaed3b2d21509de1c719ab5dd') in 0.033439 seconds 
========================================================================
Received Import Request.
  Time since last request: 0.087158 seconds.
  path: Assets/BrokenVector/LowPolyDungeon/Colliders/Tiles/Balcon_col.fbx
  artifactKey: Guid(fda570f865414d7488dcbdef0612e4c1) Importer(815301076,1909f56bfc062723c751e8b465ee728b)
Start importing Assets/BrokenVector/LowPolyDungeon/Colliders/Tiles/Balcon_col.fbx using Guid(fda570f865414d7488dcbdef0612e4c1) Importer(815301076,1909f56bfc062723c751e8b465ee728b)  -> (artifact id: '33f95c7ec6f40cd1d290a097b4c39054') in 0.401303 seconds 
========================================================================
Received Import Request.
  Time since last request: 0.000026 seconds.
  path: Assets/BrokenVector/LowPolyDungeon/Colliders/Tiles/Door_Iron_Left_col.fbx
  artifactKey: Guid(2fef7facc8502bb4ab10e720dbd39769) Importer(815301076,1909f56bfc062723c751e8b465ee728b)
Start importing Assets/BrokenVector/LowPolyDungeon/Colliders/Tiles/Door_Iron_Left_col.fbx using Guid(2fef7facc8502bb4ab10e720dbd39769) Importer(815301076,1909f56bfc062723c751e8b465ee728b)  -> (artifact id: '9b2f2155c546f23a2caaf0b25e6b8db3') in 0.035436 seconds 
========================================================================
Received Import Request.
  Time since last request: 0.000055 seconds.
  path: Assets/BrokenVector/LowPolyDungeon/Colliders/Tiles/Holefix_Single_col.fbx
  artifactKey: Guid(4591c01a2cf4ce2448f95423736442d5) Importer(815301076,1909f56bfc062723c751e8b465ee728b)
Start importing Assets/BrokenVector/LowPolyDungeon/Colliders/Tiles/Holefix_Single_col.fbx using Guid(4591c01a2cf4ce2448f95423736442d5) Importer(815301076,1909f56bfc062723c751e8b465ee728b)  -> (artifact id: '87d847473fb053bac6e88bc27fe93d20') in 0.030926 seconds 
========================================================================
Received Import Request.
  Time since last request: 0.000030 seconds.
  path: Assets/BrokenVector/LowPolyDungeon/Colliders/Tiles/Stairs_High_col.fbx
  artifactKey: Guid(cae49dc2587049146a09ec771a13b0d8) Importer(815301076,1909f56bfc062723c751e8b465ee728b)
Start importing Assets/BrokenVector/LowPolyDungeon/Colliders/Tiles/Stairs_High_col.fbx using Guid(cae49dc2587049146a09ec771a13b0d8) Importer(815301076,1909f56bfc062723c751e8b465ee728b)  -> (artifact id: 'fa149fd1f89dfe4b4c6199c6e347007c') in 0.029626 seconds 
========================================================================
Received Import Request.
  Time since last request: 0.000027 seconds.
  path: Assets/BrokenVector/LowPolyDungeon/Colliders/Tiles/Dungeon_Hall_Center_Stairs_col.fbx
  artifactKey: Guid(8b7dca003e8c95446a83b7d9cc42c889) Importer(815301076,1909f56bfc062723c751e8b465ee728b)
Start importing Assets/BrokenVector/LowPolyDungeon/Colliders/Tiles/Dungeon_Hall_Center_Stairs_col.fbx using Guid(8b7dca003e8c95446a83b7d9cc42c889) Importer(815301076,1909f56bfc062723c751e8b465ee728b)  -> (artifact id: '4a821f5263e33f0b0606aad92c348576') in 0.035300 seconds 
========================================================================
Received Import Request.
  Time since last request: 0.000039 seconds.
  path: Assets/BrokenVector/LowPolyDungeon/Colliders/Tiles/Jail_Door_Right_col.fbx
  artifactKey: Guid(1ebe7387f994f184abf600d099296102) Importer(815301076,1909f56bfc062723c751e8b465ee728b)
Start importing Assets/BrokenVector/LowPolyDungeon/Colliders/Tiles/Jail_Door_Right_col.fbx using Guid(1ebe7387f994f184abf600d099296102) Importer(815301076,1909f56bfc062723c751e8b465ee728b)  -> (artifact id: '3d0c19f06acc2e6d3fb87117a7601276') in 0.037999 seconds 
========================================================================
Received Import Request.
  Time since last request: 0.000034 seconds.
  path: Assets/BrokenVector/LowPolyDungeon/Colliders/Tiles/Hallway_Curve_Short_col.fbx
  artifactKey: Guid(47d9951c0d85bd34a9f2c3ac9903a677) Importer(815301076,1909f56bfc062723c751e8b465ee728b)
Start importing Assets/BrokenVector/LowPolyDungeon/Colliders/Tiles/Hallway_Curve_Short_col.fbx using Guid(47d9951c0d85bd34a9f2c3ac9903a677) Importer(815301076,1909f56bfc062723c751e8b465ee728b)  -> (artifact id: '493cb19f1c52cf6465c85af3ba5c464b') in 0.037815 seconds 
========================================================================
Received Import Request.
  Time since last request: 0.000049 seconds.
  path: Assets/BrokenVector/LowPolyDungeon/Colliders/Tiles/Dungeon_Big_Wall_col.fbx
  artifactKey: Guid(e4b570bae624ccb44bd100abdc1cc9ff) Importer(815301076,1909f56bfc062723c751e8b465ee728b)
Start importing Assets/BrokenVector/LowPolyDungeon/Colliders/Tiles/Dungeon_Big_Wall_col.fbx using Guid(e4b570bae624ccb44bd100abdc1cc9ff) Importer(815301076,1909f56bfc062723c751e8b465ee728b)  -> (artifact id: '48d43d6a12fa8bcb4111525ebe546745') in 0.039312 seconds 
========================================================================
Received Import Request.
  Time since last request: 0.000039 seconds.
  path: Assets/BrokenVector/LowPolyDungeon/Colliders/Tiles/Door_Wooden_Left_col.fbx
  artifactKey: Guid(18ba769f6f471c94ba78b15f094317ba) Importer(815301076,1909f56bfc062723c751e8b465ee728b)
Start importing Assets/BrokenVector/LowPolyDungeon/Colliders/Tiles/Door_Wooden_Left_col.fbx using Guid(18ba769f6f471c94ba78b15f094317ba) Importer(815301076,1909f56bfc062723c751e8b465ee728b)  -> (artifact id: 'f5cdc861d523015727b7d947a396d63b') in 0.042160 seconds 
========================================================================
Received Import Request.
  Time since last request: 0.000050 seconds.
  path: Assets/BrokenVector/LowPolyDungeon/Colliders/Tiles/Dungeon_Custom_Corner_Arched_col.fbx
  artifactKey: Guid(dc9b1c503ca0312459789c14d5e4fb7c) Importer(815301076,1909f56bfc062723c751e8b465ee728b)
Start importing Assets/BrokenVector/LowPolyDungeon/Colliders/Tiles/Dungeon_Custom_Corner_Arched_col.fbx using Guid(dc9b1c503ca0312459789c14d5e4fb7c) Importer(815301076,1909f56bfc062723c751e8b465ee728b)  -> (artifact id: '7a8296b56a9bcc8a95c01be6af915811') in 0.039632 seconds 
========================================================================
Received Import Request.
  Time since last request: 0.000025 seconds.
  path: Assets/BrokenVector/LowPolyDungeon/Colliders/Tiles/Hallway_TCrossing_col.fbx
  artifactKey: Guid(e7885643f7d7e85469e429719cd79a72) Importer(815301076,1909f56bfc062723c751e8b465ee728b)
Start importing Assets/BrokenVector/LowPolyDungeon/Colliders/Tiles/Hallway_TCrossing_col.fbx using Guid(e7885643f7d7e85469e429719cd79a72) Importer(815301076,1909f56bfc062723c751e8b465ee728b)  -> (artifact id: '3e48da07bcd46abe6c72d99ca5ff0824') in 0.048332 seconds 
========================================================================
Received Import Request.
  Time since last request: 0.000030 seconds.
  path: Assets/BrokenVector/LowPolyDungeon/Colliders/Tiles/Dungeon_Custom_Border_Arched_col.fbx
  artifactKey: Guid(24697760d409b664382f949795e1b485) Importer(815301076,1909f56bfc062723c751e8b465ee728b)
Start importing Assets/BrokenVector/LowPolyDungeon/Colliders/Tiles/Dungeon_Custom_Border_Arched_col.fbx using Guid(24697760d409b664382f949795e1b485) Importer(815301076,1909f56bfc062723c751e8b465ee728b)  -> (artifact id: 'aad7b36a45deb096543fa7f2f18d4e5c') in 0.043372 seconds 
========================================================================
Received Import Request.
  Time since last request: 0.000037 seconds.
  path: Assets/BrokenVector/LowPolyDungeon/Colliders/Tiles/Basement_Passage_Mix_col.fbx
  artifactKey: Guid(a0daac853f85fe24f980cfd80ded14ce) Importer(815301076,1909f56bfc062723c751e8b465ee728b)
Start importing Assets/BrokenVector/LowPolyDungeon/Colliders/Tiles/Basement_Passage_Mix_col.fbx using Guid(a0daac853f85fe24f980cfd80ded14ce) Importer(815301076,1909f56bfc062723c751e8b465ee728b)  -> (artifact id: 'b73cd2e9d1c2a063b571ac444bf6d9ef') in 0.034389 seconds 
========================================================================
Received Import Request.
  Time since last request: 0.000032 seconds.
  path: Assets/BrokenVector/LowPolyDungeon/Colliders/Tiles/Dungeon_Straight_14째_col.fbx
  artifactKey: Guid(32f5a18b8a47ac147b2f6117a519eda8) Importer(815301076,1909f56bfc062723c751e8b465ee728b)
Start importing Assets/BrokenVector/LowPolyDungeon/Colliders/Tiles/Dungeon_Straight_14째_col.fbx using Guid(32f5a18b8a47ac147b2f6117a519eda8) Importer(815301076,1909f56bfc062723c751e8b465ee728b)  -> (artifact id: '23b1d60149e371aa290cb29e74a8f323') in 0.057896 seconds 
========================================================================
Received Import Request.
  Time since last request: 0.000061 seconds.
  path: Assets/BrokenVector/LowPolyDungeon/Colliders/Tiles/Hallway_toStaircase_Top_col.001.fbx
  artifactKey: Guid(3c20de70a0fe5a0498d599e6b6c2f9ed) Importer(815301076,1909f56bfc062723c751e8b465ee728b)
Start importing Assets/BrokenVector/LowPolyDungeon/Colliders/Tiles/Hallway_toStaircase_Top_col.001.fbx using Guid(3c20de70a0fe5a0498d599e6b6c2f9ed) Importer(815301076,1909f56bfc062723c751e8b465ee728b)  -> (artifact id: '6e44d9c3997de5768f582cb01a5befa9') in 0.056607 seconds 
========================================================================
Received Import Request.
  Time since last request: 0.000097 seconds.
  path: Assets/BrokenVector/LowPolyDungeon/Colliders/Tiles/Basement_VarX_col.fbx
  artifactKey: Guid(8d167ccc6b656624fbc239038fe957f4) Importer(815301076,1909f56bfc062723c751e8b465ee728b)
Start importing Assets/BrokenVector/LowPolyDungeon/Colliders/Tiles/Basement_VarX_col.fbx using Guid(8d167ccc6b656624fbc239038fe957f4) Importer(815301076,1909f56bfc062723c751e8b465ee728b)  -> (artifact id: 'cf30c1150c6ef0c8d63e4261f9642ecb') in 0.066739 seconds 
========================================================================
Received Import Request.
  Time since last request: 0.000079 seconds.
  path: Assets/BrokenVector/LowPolyDungeon/Colliders/Tiles/Dungeon_Hall_Center_col.fbx
  artifactKey: Guid(55206c072b8e1db48af863cca6d21d4c) Importer(815301076,1909f56bfc062723c751e8b465ee728b)
Start importing Assets/BrokenVector/LowPolyDungeon/Colliders/Tiles/Dungeon_Hall_Center_col.fbx using Guid(55206c072b8e1db48af863cca6d21d4c) Importer(815301076,1909f56bfc062723c751e8b465ee728b)  -> (artifact id: '22318f26aa00590c3c777a3d83ffaa9d') in 0.053052 seconds 
========================================================================
Received Import Request.
  Time since last request: 0.000048 seconds.
  path: Assets/BrokenVector/LowPolyDungeon/Colliders/Tiles/Basement_Wall_VarX_col.fbx
  artifactKey: Guid(8b7512608f06be7439b0fbeff727d993) Importer(815301076,1909f56bfc062723c751e8b465ee728b)
Start importing Assets/BrokenVector/LowPolyDungeon/Colliders/Tiles/Basement_Wall_VarX_col.fbx using Guid(8b7512608f06be7439b0fbeff727d993) Importer(815301076,1909f56bfc062723c751e8b465ee728b)  -> (artifact id: '4e58f1b63e6a5b4fa302f807861f308f') in 0.036693 seconds 
========================================================================
Received Import Request.
  Time since last request: 0.000033 seconds.
  path: Assets/BrokenVector/LowPolyDungeon/Colliders/Tiles/Holefix_Double_col.fbx
  artifactKey: Guid(00d734cc13fd38c4a93c8dd9660538d7) Importer(815301076,1909f56bfc062723c751e8b465ee728b)
Start importing Assets/BrokenVector/LowPolyDungeon/Colliders/Tiles/Holefix_Double_col.fbx using Guid(00d734cc13fd38c4a93c8dd9660538d7) Importer(815301076,1909f56bfc062723c751e8b465ee728b)  -> (artifact id: '130860501dfa56e26e1839f9f15b07f3') in 0.040982 seconds 
========================================================================
Received Import Request.
  Time since last request: 0.000043 seconds.
  path: Assets/BrokenVector/LowPolyDungeon/Colliders/Tiles/Hallway_Quarter_col.fbx
  artifactKey: Guid(98bd95fa0275e3846bcaa972a09ffbb9) Importer(815301076,1909f56bfc062723c751e8b465ee728b)
Start importing Assets/BrokenVector/LowPolyDungeon/Colliders/Tiles/Hallway_Quarter_col.fbx using Guid(98bd95fa0275e3846bcaa972a09ffbb9) Importer(815301076,1909f56bfc062723c751e8b465ee728b)  -> (artifact id: '7fbc9331974f226f99ace8989d164c7b') in 0.039283 seconds 
========================================================================
Received Import Request.
  Time since last request: 0.000050 seconds.
  path: Assets/BrokenVector/LowPolyDungeon/Colliders/Tiles/FloorTIle_col.001.fbx
  artifactKey: Guid(8153c5e1843182a4fa01e42626ebf323) Importer(815301076,1909f56bfc062723c751e8b465ee728b)
Start importing Assets/BrokenVector/LowPolyDungeon/Colliders/Tiles/FloorTIle_col.001.fbx using Guid(8153c5e1843182a4fa01e42626ebf323) Importer(815301076,1909f56bfc062723c751e8b465ee728b)  -> (artifact id: 'd5d7e78e8145b1778ba501e2b7fbc042') in 0.046130 seconds 
========================================================================
Received Import Request.
  Time since last request: 0.001900 seconds.
  path: Assets/BrokenVector/LowPolyDungeon/Colliders/Tiles/Stairs_Platform_col.fbx
  artifactKey: Guid(acf5bd68619ddcf46b1a64e73912ae63) Importer(815301076,1909f56bfc062723c751e8b465ee728b)
Start importing Assets/BrokenVector/LowPolyDungeon/Colliders/Tiles/Stairs_Platform_col.fbx using Guid(acf5bd68619ddcf46b1a64e73912ae63) Importer(815301076,1909f56bfc062723c751e8b465ee728b)  -> (artifact id: '661719e6702a80ce2b761afde420e240') in 0.040415 seconds 
========================================================================
Received Import Request.
  Time since last request: 0.000051 seconds.
  path: Assets/BrokenVector/LowPolyDungeon/Colliders/Tiles/Dungeon_Straight_14째.fbx
  artifactKey: Guid(6908c6123f8ab964ca722d51fefbee78) Importer(815301076,1909f56bfc062723c751e8b465ee728b)
Start importing Assets/BrokenVector/LowPolyDungeon/Colliders/Tiles/Dungeon_Straight_14째.fbx using Guid(6908c6123f8ab964ca722d51fefbee78) Importer(815301076,1909f56bfc062723c751e8b465ee728b)  -> (artifact id: 'a008f563e19681d378527d16d57d0d9d') in 0.037981 seconds 
========================================================================
Received Import Request.
  Time since last request: 0.000035 seconds.
  path: Assets/BrokenVector/LowPolyDungeon/Colliders/Tiles/Dungeon_Hall_Corner_col.fbx
  artifactKey: Guid(f35dd40aa5a5cdf4d8f98701504f63bb) Importer(815301076,1909f56bfc062723c751e8b465ee728b)
Start importing Assets/BrokenVector/LowPolyDungeon/Colliders/Tiles/Dungeon_Hall_Corner_col.fbx using Guid(f35dd40aa5a5cdf4d8f98701504f63bb) Importer(815301076,1909f56bfc062723c751e8b465ee728b)  -> (artifact id: 'fb594bda5cd4b3f32b5beae1921097ce') in 0.040114 seconds 
========================================================================
Received Import Request.
  Time since last request: 0.000035 seconds.
  path: Assets/BrokenVector/LowPolyDungeon/Colliders/Tiles/Dungeon_Custom_Border_Flat_col.fbx
  artifactKey: Guid(f228f9f7af3807f4cb321dc8729bec0f) Importer(815301076,1909f56bfc062723c751e8b465ee728b)
Start importing Assets/BrokenVector/LowPolyDungeon/Colliders/Tiles/Dungeon_Custom_Border_Flat_col.fbx using Guid(f228f9f7af3807f4cb321dc8729bec0f) Importer(815301076,1909f56bfc062723c751e8b465ee728b)  -> (artifact id: 'fcdae9adc65e75b6b31989a49668e9c7') in 0.039421 seconds 
========================================================================
Received Import Request.
  Time since last request: 0.000041 seconds.
  path: Assets/BrokenVector/LowPolyDungeon/Colliders/Tiles/FloorTIle_col.fbx
  artifactKey: Guid(9554d4dacd26c8448bb4f3f907ff1fe9) Importer(815301076,1909f56bfc062723c751e8b465ee728b)
Start importing Assets/BrokenVector/LowPolyDungeon/Colliders/Tiles/FloorTIle_col.fbx using Guid(9554d4dacd26c8448bb4f3f907ff1fe9) Importer(815301076,1909f56bfc062723c751e8b465ee728b)  -> (artifact id: '00e0654bb4ed766a7e7c72593139ee46') in 0.042140 seconds 
========================================================================
Received Import Request.
  Time since last request: 0.000050 seconds.
  path: Assets/BrokenVector/LowPolyDungeon/Colliders/Tiles/Dungeon_Passage_col.fbx
  artifactKey: Guid(8714a7165ff15444595d16c2f33a1852) Importer(815301076,1909f56bfc062723c751e8b465ee728b)
Start importing Assets/BrokenVector/LowPolyDungeon/Colliders/Tiles/Dungeon_Passage_col.fbx using Guid(8714a7165ff15444595d16c2f33a1852) Importer(815301076,1909f56bfc062723c751e8b465ee728b)  -> (artifact id: '2d9304a1b2ca4510d6509ba69a76200a') in 0.050311 seconds 
========================================================================
Received Import Request.
  Time since last request: 0.000039 seconds.
  path: Assets/BrokenVector/LowPolyDungeon/Colliders/Tiles/Hallway_Half_col.fbx
  artifactKey: Guid(974e386400762d740b4bf8ec444ca180) Importer(815301076,1909f56bfc062723c751e8b465ee728b)
Start importing Assets/BrokenVector/LowPolyDungeon/Colliders/Tiles/Hallway_Half_col.fbx using Guid(974e386400762d740b4bf8ec444ca180) Importer(815301076,1909f56bfc062723c751e8b465ee728b)  -> (artifact id: '1a10f30078c9c32f561399415e81c6e2') in 0.045656 seconds 
========================================================================
Received Import Request.
  Time since last request: 0.000032 seconds.
  path: Assets/BrokenVector/LowPolyDungeon/Colliders/Tiles/Dungeon_Custom_Corner_Inverted_col.fbx
  artifactKey: Guid(f891dad56c0c8ae4bbf7d07300646ec9) Importer(815301076,1909f56bfc062723c751e8b465ee728b)
Start importing Assets/BrokenVector/LowPolyDungeon/Colliders/Tiles/Dungeon_Custom_Corner_Inverted_col.fbx using Guid(f891dad56c0c8ae4bbf7d07300646ec9) Importer(815301076,1909f56bfc062723c751e8b465ee728b)  -> (artifact id: 'd847b8103ea97f2d5e72b527c29baa95') in 0.032117 seconds 
========================================================================
Received Import Request.
  Time since last request: 0.000043 seconds.
  path: Assets/BrokenVector/LowPolyDungeon/Colliders/Tiles/Dungeon_Hall_Wall_Stairs_Left_col.fbx
  artifactKey: Guid(d0b89d21f3483fe47a1e1065c5bfae48) Importer(815301076,1909f56bfc062723c751e8b465ee728b)
Start importing Assets/BrokenVector/LowPolyDungeon/Colliders/Tiles/Dungeon_Hall_Wall_Stairs_Left_col.fbx using Guid(d0b89d21f3483fe47a1e1065c5bfae48) Importer(815301076,1909f56bfc062723c751e8b465ee728b)  -> (artifact id: 'bb6d767dcca80823d9b2d4c610bcf616') in 0.035599 seconds 
========================================================================
Received Import Request.
  Time since last request: 0.000034 seconds.
  path: Assets/BrokenVector/LowPolyDungeon/Colliders/Tiles/Dungeon_Custom_Center_col.fbx
  artifactKey: Guid(04426e3221814b14b9d01702e9e3037a) Importer(815301076,1909f56bfc062723c751e8b465ee728b)
Start importing Assets/BrokenVector/LowPolyDungeon/Colliders/Tiles/Dungeon_Custom_Center_col.fbx using Guid(04426e3221814b14b9d01702e9e3037a) Importer(815301076,1909f56bfc062723c751e8b465ee728b)  -> (artifact id: '7c0e68dfb00b738de348a9a137cfc959') in 0.046030 seconds 
========================================================================
Received Import Request.
  Time since last request: 0.000035 seconds.
  path: Assets/BrokenVector/LowPolyDungeon/Colliders/Tiles/Pillar_col.fbx
  artifactKey: Guid(bf11c7c665964f64f932f9720db2633f) Importer(815301076,1909f56bfc062723c751e8b465ee728b)
Start importing Assets/BrokenVector/LowPolyDungeon/Colliders/Tiles/Pillar_col.fbx using Guid(bf11c7c665964f64f932f9720db2633f) Importer(815301076,1909f56bfc062723c751e8b465ee728b)  -> (artifact id: 'fdf427be3ddc8505a6004596f1529785') in 0.060544 seconds 
========================================================================
Received Import Request.
  Time since last request: 0.000049 seconds.
  path: Assets/BrokenVector/LowPolyDungeon/Colliders/Tiles/Dungeon_Straight_Half_col.fbx
  artifactKey: Guid(5a128d3fdcbb89c449d4e8ac1bcb582b) Importer(815301076,1909f56bfc062723c751e8b465ee728b)
Start importing Assets/BrokenVector/LowPolyDungeon/Colliders/Tiles/Dungeon_Straight_Half_col.fbx using Guid(5a128d3fdcbb89c449d4e8ac1bcb582b) Importer(815301076,1909f56bfc062723c751e8b465ee728b)  -> (artifact id: 'b64fac776584bd1686e054399dba99f1') in 0.033711 seconds 
========================================================================
Received Import Request.
  Time since last request: 0.898077 seconds.
  path: Assets/BrokenVector/LowPolyDungeon/Demo Scenes
  artifactKey: Guid(5345ca62beb9b8243a2e9dbb3c184916) Importer(815301076,1909f56bfc062723c751e8b465ee728b)
Start importing Assets/BrokenVector/LowPolyDungeon/Demo Scenes using Guid(5345ca62beb9b8243a2e9dbb3c184916) Importer(815301076,1909f56bfc062723c751e8b465ee728b)  -> (artifact id: '877378ec026bdaf27286411844538f40') in 0.012424 seconds 
========================================================================
Received Import Request.
  Time since last request: 0.106273 seconds.
  path: Assets/BrokenVector/LowPolyDungeon/Demo Scenes/Player.prefab
  artifactKey: Guid(9dd8a3227dc0aa84099496d08718ad7b) Importer(815301076,1909f56bfc062723c751e8b465ee728b)
Start importing Assets/BrokenVector/LowPolyDungeon/Demo Scenes/Player.prefab using Guid(9dd8a3227dc0aa84099496d08718ad7b) Importer(815301076,1909f56bfc062723c751e8b465ee728b)  -> (artifact id: '9d662eb3f749beca3b1434107f85d702') in 0.038914 seconds 
========================================================================
Received Import Request.
  Time since last request: 0.911150 seconds.
  path: Assets/BrokenVector/LowPolyDungeon/Demo Scenes/Dungeon_Assets.unity
  artifactKey: Guid(a11c2048ef453a741b86bee49b46e6c6) Importer(815301076,1909f56bfc062723c751e8b465ee728b)
Start importing Assets/BrokenVector/LowPolyDungeon/Demo Scenes/Dungeon_Assets.unity using Guid(a11c2048ef453a741b86bee49b46e6c6) Importer(815301076,1909f56bfc062723c751e8b465ee728b)  -> (artifact id: 'a9d410e98f6ed7e6a42bfbc5c37da1ca') in 0.007840 seconds 
========================================================================
Received Prepare
Registering precompiled user dll's ...
Registered in 0.005701 seconds.
Begin MonoManager ReloadAssembly
Native extension for WindowsStandalone target not found
Refreshing native plugins compatible for Editor in 0.67 ms, found 2 plugins.
Preloading 0 native plugins for Editor in 0.00 ms.
Mono: successfully reloaded assembly
- Completed reload, in  1.385 seconds
Domain Reload Profiling:
	ReloadAssembly (1386ms)
		BeginReloadAssembly (185ms)
			ExecutionOrderSort (0ms)
			DisableScriptedObjects (8ms)
			BackupInstance (0ms)
			ReleaseScriptingObjects (0ms)
			CreateAndSetChildDomain (40ms)
		EndReloadAssembly (1030ms)
			LoadAssemblies (128ms)
			RebuildTransferFunctionScriptingTraits (0ms)
			SetupTypeCache (276ms)
			ReleaseScriptCaches (2ms)
			RebuildScriptCaches (72ms)
			SetupLoadedEditorAssemblies (502ms)
				LogAssemblyErrors (0ms)
				InitializePlatformSupportModulesInManaged (21ms)
				SetLoadedEditorAssemblies (1ms)
				RefreshPlugins (1ms)
				BeforeProcessingInitializeOnLoad (86ms)
				ProcessInitializeOnLoadAttributes (329ms)
				ProcessInitializeOnLoadMethodAttributes (47ms)
				AfterProcessingInitializeOnLoad (17ms)
				EditorAssembliesLoaded (0ms)
			ExecutionOrderSort2 (0ms)
			AwakeInstancesAfterBackupRestoration (10ms)
Platform modules already initialized, skipping
Refreshing native plugins compatible for Editor in 3.07 ms, found 2 plugins.
Preloading 0 native plugins for Editor in 0.00 ms.
Unloading 1683 Unused Serialized files (Serialized files now loaded: 0)
Unloading 12 unused Assets / (31.7 KB). Loaded Objects now: 2199.
Memory consumption went from 143.8 MB to 143.8 MB.
Total: 5.011500 ms (FindLiveObjects: 0.287600 ms CreateObjectMapping: 0.056300 ms MarkObjects: 4.632600 ms  DeleteObjects: 0.032100 ms)

AssetImportParameters requested are different than current active one (requested -> active):
  custom:video-decoder-ogg-theora: a1e56fd34408186e4bbccfd4996cb3dc -> 
  custom:container-muxer-webm: aa71ff27fc2769a1b78a27578f13a17b -> 
  custom:container-demuxer-webm: 4f35f7cbe854078d1ac9338744f61a02 -> 
  custom:video-encoder-webm-vp8: eb34c28f22e8b96e1ab97ce403110664 -> 
  custom:audio-encoder-webm-vorbis: bf7c407c2cedff20999df2af8eb42d56 -> 
  custom:framework-win-MediaFoundation: 216162199b28c13a410421893ffa2e32 -> 
  custom:container-demuxer-ogg: 62fdf1f143b41e24485cea50d1cbac27 -> 
  custom:video-decoder-webm-vp8: 9c59270c3fd7afecdb556c50c9e8de78 -> 
  custom:audio-decoder-ogg-vorbis: bf7c407c2cedff20999df2af8eb42d56 -> 
========================================================================
Received Prepare
Registering precompiled user dll's ...
Registered in 0.006789 seconds.
Begin MonoManager ReloadAssembly
Native extension for WindowsStandalone target not found
Refreshing native plugins compatible for Editor in 1.12 ms, found 2 plugins.
Preloading 0 native plugins for Editor in 0.00 ms.
Mono: successfully reloaded assembly
- Completed reload, in  1.416 seconds
Domain Reload Profiling:
	ReloadAssembly (1417ms)
		BeginReloadAssembly (185ms)
			ExecutionOrderSort (0ms)
			DisableScriptedObjects (9ms)
			BackupInstance (0ms)
			ReleaseScriptingObjects (0ms)
			CreateAndSetChildDomain (39ms)
		EndReloadAssembly (1078ms)
			LoadAssemblies (128ms)
			RebuildTransferFunctionScriptingTraits (0ms)
			SetupTypeCache (274ms)
			ReleaseScriptCaches (1ms)
			RebuildScriptCaches (67ms)
			SetupLoadedEditorAssemblies (555ms)
				LogAssemblyErrors (0ms)
				InitializePlatformSupportModulesInManaged (21ms)
				SetLoadedEditorAssemblies (1ms)
				RefreshPlugins (1ms)
				BeforeProcessingInitializeOnLoad (108ms)
				ProcessInitializeOnLoadAttributes (358ms)
				ProcessInitializeOnLoadMethodAttributes (47ms)
				AfterProcessingInitializeOnLoad (19ms)
				EditorAssembliesLoaded (0ms)
			ExecutionOrderSort2 (0ms)
			AwakeInstancesAfterBackupRestoration (11ms)
Platform modules already initialized, skipping
Refreshing native plugins compatible for Editor in 2.05 ms, found 2 plugins.
Preloading 0 native plugins for Editor in 0.00 ms.
Unloading 1683 Unused Serialized files (Serialized files now loaded: 0)
Unloading 12 unused Assets / (31.7 KB). Loaded Objects now: 2202.
Memory consumption went from 143.8 MB to 143.8 MB.
Total: 4.089800 ms (FindLiveObjects: 0.235200 ms CreateObjectMapping: 0.070300 ms MarkObjects: 3.744700 ms  DeleteObjects: 0.037800 ms)

AssetImportParameters requested are different than current active one (requested -> active):
  custom:video-decoder-ogg-theora: a1e56fd34408186e4bbccfd4996cb3dc -> 
  custom:container-muxer-webm: aa71ff27fc2769a1b78a27578f13a17b -> 
  custom:container-demuxer-webm: 4f35f7cbe854078d1ac9338744f61a02 -> 
  custom:video-encoder-webm-vp8: eb34c28f22e8b96e1ab97ce403110664 -> 
  custom:audio-encoder-webm-vorbis: bf7c407c2cedff20999df2af8eb42d56 -> 
  custom:framework-win-MediaFoundation: 216162199b28c13a410421893ffa2e32 -> 
  custom:container-demuxer-ogg: 62fdf1f143b41e24485cea50d1cbac27 -> 
  custom:video-decoder-webm-vp8: 9c59270c3fd7afecdb556c50c9e8de78 -> 
  custom:audio-decoder-ogg-vorbis: bf7c407c2cedff20999df2af8eb42d56 -> 
========================================================================
Received Prepare
Registering precompiled user dll's ...
Registered in 0.005397 seconds.
Begin MonoManager ReloadAssembly
Native extension for WindowsStandalone target not found
Refreshing native plugins compatible for Editor in 0.52 ms, found 2 plugins.
Preloading 0 native plugins for Editor in 0.00 ms.
Mono: successfully reloaded assembly
- Completed reload, in  1.405 seconds
Domain Reload Profiling:
	ReloadAssembly (1406ms)
		BeginReloadAssembly (185ms)
			ExecutionOrderSort (0ms)
			DisableScriptedObjects (8ms)
			BackupInstance (0ms)
			ReleaseScriptingObjects (0ms)
			CreateAndSetChildDomain (45ms)
		EndReloadAssembly (1057ms)
			LoadAssemblies (128ms)
			RebuildTransferFunctionScriptingTraits (0ms)
			SetupTypeCache (266ms)
			ReleaseScriptCaches (2ms)
			RebuildScriptCaches (67ms)
			SetupLoadedEditorAssemblies (551ms)
				LogAssemblyErrors (0ms)
				InitializePlatformSupportModulesInManaged (25ms)
				SetLoadedEditorAssemblies (1ms)
				RefreshPlugins (1ms)
				BeforeProcessingInitializeOnLoad (101ms)
				ProcessInitializeOnLoadAttributes (353ms)
				ProcessInitializeOnLoadMethodAttributes (50ms)
				AfterProcessingInitializeOnLoad (20ms)
				EditorAssembliesLoaded (0ms)
			ExecutionOrderSort2 (0ms)
			AwakeInstancesAfterBackupRestoration (9ms)
Platform modules already initialized, skipping
Refreshing native plugins compatible for Editor in 2.50 ms, found 2 plugins.
Preloading 0 native plugins for Editor in 0.00 ms.
Unloading 1683 Unused Serialized files (Serialized files now loaded: 0)
Unloading 12 unused Assets / (31.7 KB). Loaded Objects now: 2205.
Memory consumption went from 143.8 MB to 143.8 MB.
Total: 4.889200 ms (FindLiveObjects: 0.251500 ms CreateObjectMapping: 0.051100 ms MarkObjects: 4.550700 ms  DeleteObjects: 0.034400 ms)

AssetImportParameters requested are different than current active one (requested -> active):
  custom:video-decoder-ogg-theora: a1e56fd34408186e4bbccfd4996cb3dc -> 
  custom:container-muxer-webm: aa71ff27fc2769a1b78a27578f13a17b -> 
  custom:container-demuxer-webm: 4f35f7cbe854078d1ac9338744f61a02 -> 
  custom:video-encoder-webm-vp8: eb34c28f22e8b96e1ab97ce403110664 -> 
  custom:audio-encoder-webm-vorbis: bf7c407c2cedff20999df2af8eb42d56 -> 
  custom:framework-win-MediaFoundation: 216162199b28c13a410421893ffa2e32 -> 
  custom:container-demuxer-ogg: 62fdf1f143b41e24485cea50d1cbac27 -> 
  custom:video-decoder-webm-vp8: 9c59270c3fd7afecdb556c50c9e8de78 -> 
  custom:audio-decoder-ogg-vorbis: bf7c407c2cedff20999df2af8eb42d56 -> 
========================================================================
Received Import Request.
  Time since last request: 701.312113 seconds.
  path: Assets/Catgear Games/Model Pack 1/Eggy/01_Eggy_Walk.fbx
  artifactKey: Guid(0b9f20f2dc04f4b1b98f92fb30fd0393) Importer(815301076,1909f56bfc062723c751e8b465ee728b)
Start importing Assets/Catgear Games/Model Pack 1/Eggy/01_Eggy_Walk.fbx using Guid(0b9f20f2dc04f4b1b98f92fb30fd0393) Importer(815301076,1909f56bfc062723c751e8b465ee728b)  -> (artifact id: 'adb67b15cbae1b64d8ac66f72d5d7735') in 0.170054 seconds 
========================================================================
Received Import Request.
  Time since last request: 0.000047 seconds.
  path: Assets/BrokenVector/LowPolyDungeon/Prefabs/Furniture/Amphora_Stand.prefab
  artifactKey: Guid(f5709a3035aa0ca4d94745aaf44038fd) Importer(815301076,1909f56bfc062723c751e8b465ee728b)
Start importing Assets/BrokenVector/LowPolyDungeon/Prefabs/Furniture/Amphora_Stand.prefab using Guid(f5709a3035aa0ca4d94745aaf44038fd) Importer(815301076,1909f56bfc062723c751e8b465ee728b)  -> (artifact id: '1b78a32d2d45b011421289d49ac046d1') in 0.185529 seconds 
========================================================================
Received Import Request.
  Time since last request: 0.000033 seconds.
  path: Assets/Catgear Games/Model Pack 1/Eggy/05_Eggy_Death.fbx
  artifactKey: Guid(13587287f967040ba86055414f277bbf) Importer(815301076,1909f56bfc062723c751e8b465ee728b)
Start importing Assets/Catgear Games/Model Pack 1/Eggy/05_Eggy_Death.fbx using Guid(13587287f967040ba86055414f277bbf) Importer(815301076,1909f56bfc062723c751e8b465ee728b)  -> (artifact id: '2aa23640b2256103619e9d1d1366d0b1') in 0.039656 seconds 
========================================================================
Received Import Request.
  Time since last request: 0.000052 seconds.
  path: Assets/BrokenVector/LowPolyDungeon/Prefabs/Tiles/Basement_Var1.prefab
  artifactKey: Guid(7b9bd4ff48795cf42b9f4a6c3b8a49c1) Importer(815301076,1909f56bfc062723c751e8b465ee728b)
Start importing Assets/BrokenVector/LowPolyDungeon/Prefabs/Tiles/Basement_Var1.prefab using Guid(7b9bd4ff48795cf42b9f4a6c3b8a49c1) Importer(815301076,1909f56bfc062723c751e8b465ee728b)  -> (artifact id: '11a9a635caabadc823a97076658ae417') in 0.169069 seconds 
========================================================================
Received Import Request.
  Time since last request: 0.000049 seconds.
  path: Assets/BrokenVector/LowPolyDungeon/Models/Tiles/Basement_Wall_Var2.fbx
  artifactKey: Guid(5bfb915843a9ff74d9bea72ce38a0a89) Importer(815301076,1909f56bfc062723c751e8b465ee728b)
Start importing Assets/BrokenVector/LowPolyDungeon/Models/Tiles/Basement_Wall_Var2.fbx using Guid(5bfb915843a9ff74d9bea72ce38a0a89) Importer(815301076,1909f56bfc062723c751e8b465ee728b)  -> (artifact id: '00f49452340d0b4c27a98a51f24dd817') in 0.041562 seconds 
========================================================================
Received Import Request.
  Time since last request: 0.000044 seconds.
  path: Assets/BrokenVector/LowPolyDungeon/Prefabs/Tiles/Basement_Var2.prefab
  artifactKey: Guid(685a0a8fbafab03459cffd23ffacc28c) Importer(815301076,1909f56bfc062723c751e8b465ee728b)
Start importing Assets/BrokenVector/LowPolyDungeon/Prefabs/Tiles/Basement_Var2.prefab using Guid(685a0a8fbafab03459cffd23ffacc28c) Importer(815301076,1909f56bfc062723c751e8b465ee728b)  -> (artifact id: '9ff416cd505c722a2af37d7dc9a51a15') in 0.034118 seconds 
========================================================================
Received Import Request.
  Time since last request: 0.000035 seconds.
  path: Assets/BrokenVector/LowPolyDungeon/Models/Tiles/Basement_Passage.fbx
  artifactKey: Guid(72e0e81051363734eb06d45e19e39234) Importer(815301076,1909f56bfc062723c751e8b465ee728b)
Start importing Assets/BrokenVector/LowPolyDungeon/Models/Tiles/Basement_Passage.fbx using Guid(72e0e81051363734eb06d45e19e39234) Importer(815301076,1909f56bfc062723c751e8b465ee728b)  -> (artifact id: '63d745688c016939ba8deaae70f618f9') in 0.037122 seconds 
========================================================================
Received Import Request.
  Time since last request: 0.000045 seconds.
  path: Assets/BrokenVector/LowPolyDungeon/Prefabs/Lamps/Torch_Wall.prefab
  artifactKey: Guid(4b437f1c2454a2c409b1b7f35e69d661) Importer(815301076,1909f56bfc062723c751e8b465ee728b)
Start importing Assets/BrokenVector/LowPolyDungeon/Prefabs/Lamps/Torch_Wall.prefab using Guid(4b437f1c2454a2c409b1b7f35e69d661) Importer(815301076,1909f56bfc062723c751e8b465ee728b)  -> (artifact id: '1cc7237b568c84407d04d4090bf09799') in 0.035875 seconds 
========================================================================
Received Import Request.
  Time since last request: 0.000039 seconds.
  path: Assets/BrokenVector/LowPolyDungeon/Models/Furniture/Amphora_Stand.fbx
  artifactKey: Guid(e21b6c9b113d50a4b865c5a99ce0a58e) Importer(815301076,1909f56bfc062723c751e8b465ee728b)
Start importing Assets/BrokenVector/LowPolyDungeon/Models/Furniture/Amphora_Stand.fbx using Guid(e21b6c9b113d50a4b865c5a99ce0a58e) Importer(815301076,1909f56bfc062723c751e8b465ee728b)  -> (artifact id: '661a287e86f697b32fbe32476683cf61') in 0.035134 seconds 
========================================================================
Received Import Request.
  Time since last request: 0.000030 seconds.
  path: Assets/BrokenVector/LowPolyDungeon/Models/Tiles/Basement_Var4.fbx
  artifactKey: Guid(1e71deb4332d8834e8dccf626ce8d29b) Importer(815301076,1909f56bfc062723c751e8b465ee728b)
Start importing Assets/BrokenVector/LowPolyDungeon/Models/Tiles/Basement_Var4.fbx using Guid(1e71deb4332d8834e8dccf626ce8d29b) Importer(815301076,1909f56bfc062723c751e8b465ee728b)  -> (artifact id: '89fc22b858cdfdfb12b226d310719bfe') in 0.043254 seconds 
========================================================================
Received Import Request.
  Time since last request: 0.000032 seconds.
  path: Assets/BrokenVector/LowPolyDungeon/Prefabs/Tiles/Basement_Wall_Var2.prefab
  artifactKey: Guid(d157978297aa03d40bfe76f9decb9828) Importer(815301076,1909f56bfc062723c751e8b465ee728b)
Start importing Assets/BrokenVector/LowPolyDungeon/Prefabs/Tiles/Basement_Wall_Var2.prefab using Guid(d157978297aa03d40bfe76f9decb9828) Importer(815301076,1909f56bfc062723c751e8b465ee728b)  -> (artifact id: '5576348c08a2e80404d787d7141d992a') in 0.027001 seconds 
========================================================================
Received Import Request.
  Time since last request: 0.000065 seconds.
  path: Assets/BrokenVector/LowPolyDungeon/Prefabs/Tiles/Basement_Var4.prefab
  artifactKey: Guid(303434915ff72994f860f6202a4ef5f5) Importer(815301076,1909f56bfc062723c751e8b465ee728b)
Start importing Assets/BrokenVector/LowPolyDungeon/Prefabs/Tiles/Basement_Var4.prefab using Guid(303434915ff72994f860f6202a4ef5f5) Importer(815301076,1909f56bfc062723c751e8b465ee728b)  -> (artifact id: '2192487e7ae063f984c064f37650b24f') in 0.036997 seconds 
========================================================================
Received Import Request.
  Time since last request: 0.000059 seconds.
  path: Assets/Catgear Games/Model Pack 1/Chili/02_Chili_Walk_Jump.fbx
  artifactKey: Guid(10035762d400d492eb0005ef9a2f8893) Importer(815301076,1909f56bfc062723c751e8b465ee728b)
Start importing Assets/Catgear Games/Model Pack 1/Chili/02_Chili_Walk_Jump.fbx using Guid(10035762d400d492eb0005ef9a2f8893) Importer(815301076,1909f56bfc062723c751e8b465ee728b)  -> (artifact id: 'ad0c839a74c45f329c786f225fcb4c6b') in 0.040984 seconds 
========================================================================
Received Import Request.
  Time since last request: 0.000030 seconds.
  path: Assets/BrokenVector/LowPolyDungeon/Models/Tiles/Basement_Var3.fbx
  artifactKey: Guid(0c7dbb34fba6e4047ac74337acfb235d) Importer(815301076,1909f56bfc062723c751e8b465ee728b)
Start importing Assets/BrokenVector/LowPolyDungeon/Models/Tiles/Basement_Var3.fbx using Guid(0c7dbb34fba6e4047ac74337acfb235d) Importer(815301076,1909f56bfc062723c751e8b465ee728b)  -> (artifact id: 'aebec1846006548f83323a0574660697') in 0.032170 seconds 
========================================================================
Received Import Request.
  Time since last request: 0.000028 seconds.
  path: Assets/Catgear Games/Model Pack 1/Chili/04_Chili_Damaged.fbx
  artifactKey: Guid(ae19d7808f4e04ced914150e0658b480) Importer(815301076,1909f56bfc062723c751e8b465ee728b)
Start importing Assets/Catgear Games/Model Pack 1/Chili/04_Chili_Damaged.fbx using Guid(ae19d7808f4e04ced914150e0658b480) Importer(815301076,1909f56bfc062723c751e8b465ee728b)  -> (artifact id: '5c618a6317f9fa8d8eed3eee7003fdd9') in 0.038357 seconds 
========================================================================
Received Import Request.
  Time since last request: 0.000026 seconds.
  path: Assets/BrokenVector/LowPolyDungeon/Models/Tiles/Basement_Wall_Var3.fbx
  artifactKey: Guid(4c4fe4f8da5fdef4eb5aa36563046edc) Importer(815301076,1909f56bfc062723c751e8b465ee728b)
Start importing Assets/BrokenVector/LowPolyDungeon/Models/Tiles/Basement_Wall_Var3.fbx using Guid(4c4fe4f8da5fdef4eb5aa36563046edc) Importer(815301076,1909f56bfc062723c751e8b465ee728b)  -> (artifact id: '85701bc6300b95703d745052cca7a72b') in 0.031360 seconds 
========================================================================
Received Import Request.
  Time since last request: 0.000032 seconds.
  path: Assets/BrokenVector/LowPolyDungeon/Prefabs/Tiles/Basement_Wall_Var1.prefab
  artifactKey: Guid(e52fa0ab130d63b42bcdd15456a87141) Importer(815301076,1909f56bfc062723c751e8b465ee728b)
Start importing Assets/BrokenVector/LowPolyDungeon/Prefabs/Tiles/Basement_Wall_Var1.prefab using Guid(e52fa0ab130d63b42bcdd15456a87141) Importer(815301076,1909f56bfc062723c751e8b465ee728b)  -> (artifact id: '5c47b8699d43628ea1475888076c9e2c') in 0.027386 seconds 
========================================================================
Received Import Request.
  Time since last request: 0.000033 seconds.
  path: Assets/BrokenVector/LowPolyDungeon/Models/Lamps/Torch.fbx
  artifactKey: Guid(2c42ef5548f399348a850bc645e36b87) Importer(815301076,1909f56bfc062723c751e8b465ee728b)
Start importing Assets/BrokenVector/LowPolyDungeon/Models/Lamps/Torch.fbx using Guid(2c42ef5548f399348a850bc645e36b87) Importer(815301076,1909f56bfc062723c751e8b465ee728b)  -> (artifact id: 'da2b51ce9adfdc6bb9d10aa7563496cc') in 0.030836 seconds 
========================================================================
Received Import Request.
  Time since last request: 0.000033 seconds.
  path: Assets/Catgear Games/Model Pack 1/Chili/06_Chili_Death  .fbx
  artifactKey: Guid(e53bf424286244bab84ee3497da85705) Importer(815301076,1909f56bfc062723c751e8b465ee728b)
Start importing Assets/Catgear Games/Model Pack 1/Chili/06_Chili_Death  .fbx using Guid(e53bf424286244bab84ee3497da85705) Importer(815301076,1909f56bfc062723c751e8b465ee728b)  -> (artifact id: 'd60334ba4607a636e95620c16b8667cf') in 0.051985 seconds 
========================================================================
Received Import Request.
  Time since last request: 0.000044 seconds.
  path: Assets/BrokenVector/LowPolyDungeon/Prefabs/Lamps/Torch.prefab
  artifactKey: Guid(98ba86548ddcd664e9df1d008a5c8f97) Importer(815301076,1909f56bfc062723c751e8b465ee728b)
Start importing Assets/BrokenVector/LowPolyDungeon/Prefabs/Lamps/Torch.prefab using Guid(98ba86548ddcd664e9df1d008a5c8f97) Importer(815301076,1909f56bfc062723c751e8b465ee728b)  -> (artifact id: '3706544515d7d8534e9bb4b380fd431a') in 0.029657 seconds 
========================================================================
Received Import Request.
  Time since last request: 0.000048 seconds.
  path: Assets/BrokenVector/LowPolyDungeon/Models/Tiles/Basement_Wall_Var1.fbx
  artifactKey: Guid(07d8ac3c883232446bcd9a3222fbff1f) Importer(815301076,1909f56bfc062723c751e8b465ee728b)
Start importing Assets/BrokenVector/LowPolyDungeon/Models/Tiles/Basement_Wall_Var1.fbx using Guid(07d8ac3c883232446bcd9a3222fbff1f) Importer(815301076,1909f56bfc062723c751e8b465ee728b)  -> (artifact id: '207223492a4868d2f31d8adacedf442d') in 0.031151 seconds 
========================================================================
Received Import Request.
  Time since last request: 0.000044 seconds.
  path: Assets/Catgear Games/Model Pack 1/Chili/05_Chil_Idle .fbx
  artifactKey: Guid(e5c60cd14be874043a2a90ab05f01640) Importer(815301076,1909f56bfc062723c751e8b465ee728b)
Start importing Assets/Catgear Games/Model Pack 1/Chili/05_Chil_Idle .fbx using Guid(e5c60cd14be874043a2a90ab05f01640) Importer(815301076,1909f56bfc062723c751e8b465ee728b)  -> (artifact id: '3050be7a8a6e57b608c11d05b7a34c23') in 0.049274 seconds 
========================================================================
Received Import Request.
  Time since last request: 0.000038 seconds.
  path: Assets/BrokenVector/LowPolyDungeon/Prefabs/Tiles/Basement_Var3.prefab
  artifactKey: Guid(e8782814328328c44b5fd078c06fbe10) Importer(815301076,1909f56bfc062723c751e8b465ee728b)
Start importing Assets/BrokenVector/LowPolyDungeon/Prefabs/Tiles/Basement_Var3.prefab using Guid(e8782814328328c44b5fd078c06fbe10) Importer(815301076,1909f56bfc062723c751e8b465ee728b)  -> (artifact id: '01e90f8a2b3ddc767e0439078832408b') in 0.035261 seconds 
========================================================================
Received Import Request.
  Time since last request: 0.000031 seconds.
  path: Assets/Catgear Games/Model Pack 1/Kiwi/02_Kiwi_Walk.fbx
  artifactKey: Guid(ba506794bdf5d450d83396020368e1d4) Importer(815301076,1909f56bfc062723c751e8b465ee728b)
Start importing Assets/Catgear Games/Model Pack 1/Kiwi/02_Kiwi_Walk.fbx using Guid(ba506794bdf5d450d83396020368e1d4) Importer(815301076,1909f56bfc062723c751e8b465ee728b)  -> (artifact id: 'd951d164f67cc5572678d3d975229e91') in 0.049420 seconds 
========================================================================
Received Import Request.
  Time since last request: 0.000036 seconds.
  path: Assets/BrokenVector/LowPolyDungeon/Prefabs/Tiles/Basement_Passage.prefab
  artifactKey: Guid(4b0d2ea51ebd97f4d91249e4c9bbefc4) Importer(815301076,1909f56bfc062723c751e8b465ee728b)
Start importing Assets/BrokenVector/LowPolyDungeon/Prefabs/Tiles/Basement_Passage.prefab using Guid(4b0d2ea51ebd97f4d91249e4c9bbefc4) Importer(815301076,1909f56bfc062723c751e8b465ee728b)  -> (artifact id: '04b2509d1a1929c6e3a56c70b2f545c8') in 0.023598 seconds 
========================================================================
Received Import Request.
  Time since last request: 0.000047 seconds.
  path: Assets/BrokenVector/LowPolyDungeon/Models/Lamps/Torch_Wall.fbx
  artifactKey: Guid(fe2e85b4d6271d84797599c39656320c) Importer(815301076,1909f56bfc062723c751e8b465ee728b)
Start importing Assets/BrokenVector/LowPolyDungeon/Models/Lamps/Torch_Wall.fbx using Guid(fe2e85b4d6271d84797599c39656320c) Importer(815301076,1909f56bfc062723c751e8b465ee728b)  -> (artifact id: 'aad0cfea84e5f1519bc3eca984ad7c10') in 0.040849 seconds 
Editor requested this worker to shutdown with reason: Scaling down because of idle timeout
AssetImportWorker is now disconnected from the server
Process exiting
Exiting without the bug reporter. Application will terminate with return code 0